<?xml version="1.0" encoding="UTF-8"?>
<!-- Generated by org.testng.reporters.JUnitXMLReporter -->
<testsuite ignored="2" hostname="Akash" failures="0" tests="2" name="OperationTest" time="0.033" errors="0" timestamp="2021-11-16T15:48:02 IST">
  <testcase classname="test.OperationTest" name="testDiv" time="0.006"/>
  <testcase classname="test.OperationTest" name="testMul" time="0.001"/>
  <testcase classname="test.OperationTest" name="testAdd" time="0.0">
    <ignored/>
  </testcase> <!-- testAdd -->
  <testcase classname="test.OperationTest" name="testSub" time="0.0">
    <ignored/>
  </testcase> <!-- testSub -->
</testsuite> <!-- OperationTest -->
