<?xml version="1.0" encoding="UTF-8"?>
<!-- Generated by org.testng.reporters.JUnitXMLReporter -->
<testsuite ignored="0" hostname="Akash" failures="0" tests="4" name="OrganizationTest" time="0.006" errors="0" timestamp="2021-11-16T15:48:03 IST">
  <testcase classname="test.ItTeamTest" name="getBonusTest" time="0.001"/>
  <testcase classname="test.ItTeamTest" name="getSkillSetTest" time="0.0"/>
  <testcase classname="test.NonItTeamTest" name="getBonusTest" time="0.001"/>
  <testcase classname="test.NonItTeamTest" name="getGraducationDetailsTest" time="0.001"/>
</testsuite> <!-- OrganizationTest -->
