<?xml version="1.0" encoding="UTF-8"?>
<!-- Generated by org.testng.reporters.JUnitXMLReporter -->
<testsuite ignored="0" hostname="Akash" failures="0" tests="3" name="ProductTest" time="0.011" errors="0" timestamp="2021-11-16T15:48:03 IST">
  <testcase classname="test.ProductServiceTest" name="filterProductTest" time="0.002"/>
  <testcase classname="test.ProductServiceTest" name="isExpiriedTest" time="0.005"/>
  <testcase classname="test.ProductServiceTest" name="searchProductTest" time="0.0"/>
</testsuite> <!-- ProductTest -->
