<?xml version="1.0" encoding="UTF-8"?>
<!-- Generated by org.testng.reporters.JUnitXMLReporter -->
<testsuite ignored="2" hostname="Akash" failures="0" tests="5" name="Test" time="0.069" errors="0" timestamp="2021-11-16T14:55:35 IST">
  <testcase classname="test.OperationTest" name="testDiv" time="0.009"/>
  <testcase classname="test.OperationTest" name="testMul" time="0.001"/>
  <testcase classname="test.ProductServiceTest" name="filterProductTest" time="0.002"/>
  <testcase classname="test.ProductServiceTest" name="isExpiriedTest" time="0.016"/>
  <testcase classname="test.ProductServiceTest" name="searchProductTest" time="0.001"/>
  <testcase classname="test.OperationTest" name="testAdd" time="0.0">
    <ignored/>
  </testcase> <!-- testAdd -->
  <testcase classname="test.OperationTest" name="testSub" time="0.0">
    <ignored/>
  </testcase> <!-- testSub -->
</testsuite> <!-- Test -->
